<?xml version="1.0" encoding="UTF-8"?>
<testsuite xmlns:xsi="http://www.w3.org/2001/XMLSchema-instance" xsi:noNamespaceSchemaLocation="https://maven.apache.org/surefire/maven-surefire-plugin/xsd/surefire-test-report-3.0.xsd" version="3.0" name="com.ConnectHub.message_service.MessageServiceApplicationTests" time="54.082" tests="1" errors="0" skipped="0" failures="0">
  <properties>
[...]
</properties>
  <testcase name="contextLoads" classname="com.ConnectHub.message_service.MessageServiceApplicationTests" time="0.99">
    <system-out><![CDATA[12:42:53.863 [main] INFO org.springframework.test.context.support.AnnotationConfigContextLoaderUtils -- Could not detect default configuration classes for test class [com.ConnectHub.message_service.MessageServiceApplicationTests]: MessageServiceApplicationTests does not declare any static, non-private, non-final, nested classes annotated with @Configuration.
12:42:55.210 [main] INFO org.springframework.boot.test.context.SpringBootTestContextBootstrapper -- Found @SpringBootConfiguration com.connecthub.message_service.MessageServiceApplication for test class com.ConnectHub.message_service.MessageServiceApplicationTests

  .   ____          _            __ _ _
 /\\ / ___'_ __ _ _(_)_ __  __ _ \ \ \ \
( ( )\___ | '_ | '_| | '_ \/ _` | \ \ \ \
 \\/  ___)| |_)| | | | | || (_| |  ) ) ) )
  '  |____| .__|_| |_|_| |_\__, | / / / /
 =========|_|==============|___/=/_/_/_/
 :: Spring Boot ::                (v3.2.5)

2026-05-06T12:43:00.387+05:30  INFO 2464 --- [           main] c.C.m.MessageServiceApplicationTests     : Starting MessageServiceApplicationTests using Java 17.0.17 with PID 2464 (started by Priyank Singh in D:\ConnectHub-Backend\message-service)
2026-05-06T12:43:00.392+05:30  INFO 2464 --- [           main] c.C.m.MessageServiceApplicationTests     : No active profile set, falling back to 1 default profile: "default"
2026-05-06T12:43:08.444+05:30  INFO 2464 --- [           main] .s.d.r.c.RepositoryConfigurationDelegate : Bootstrapping Spring Data JPA repositories in DEFAULT mode.
2026-05-06T12:43:09.965+05:30  INFO 2464 --- [           main] .s.d.r.c.RepositoryConfigurationDelegate : Finished Spring Data repository scanning in 1444 ms. Found 2 JPA repository interfaces.
2026-05-06T12:43:12.086+05:30  INFO 2464 --- [           main] o.s.cloud.context.scope.GenericScope     : BeanFactory id=6850f7a7-c7c5-3b80-9f1d-d73b8dea3217
2026-05-06T12:43:15.743+05:30  WARN 2464 --- [           main] trationDelegate$BeanPostProcessorChecker : Bean 'org.springframework.cloud.client.loadbalancer.LoadBalancerAutoConfiguration$DeferringLoadBalancerInterceptorConfig' of type [org.springframework.cloud.client.loadbalancer.LoadBalancerAutoConfiguration$DeferringLoadBalancerInterceptorConfig] is not eligible for getting processed by all BeanPostProcessors (for example: not eligible for auto-proxying). The currently created BeanPostProcessor [lbRestClientPostProcessor] is declared through a non-static factory method on that class; consider declaring it as static instead.
2026-05-06T12:43:15.775+05:30  WARN 2464 --- [           main] trationDelegate$BeanPostProcessorChecker : Bean 'deferringLoadBalancerInterceptor' of type [org.springframework.cloud.client.loadbalancer.DeferringLoadBalancerInterceptor] is not eligible for getting processed by all BeanPostProcessors (for example: not eligible for auto-proxying). Is this bean getting eagerly injected into a currently created BeanPostProcessor [lbRestClientPostProcessor]? Check the corresponding BeanPostProcessor declaration and its dependencies.
2026-05-06T12:43:18.023+05:30  INFO 2464 --- [           main] o.hibernate.jpa.internal.util.LogHelper  : HHH000204: Processing PersistenceUnitInfo [name: default]
2026-05-06T12:43:18.615+05:30  INFO 2464 --- [           main] org.hibernate.Version                    : HHH000412: Hibernate ORM core version 6.4.4.Final
2026-05-06T12:43:18.924+05:30  INFO 2464 --- [           main] o.h.c.internal.RegionFactoryInitiator    : HHH000026: Second-level cache disabled
2026-05-06T12:43:21.140+05:30  INFO 2464 --- [           main] o.s.o.j.p.SpringPersistenceUnitInfo      : No LoadTimeWeaver setup: ignoring JPA class transformer
2026-05-06T12:43:21.407+05:30  INFO 2464 --- [           main] com.zaxxer.hikari.HikariDataSource       : HikariPool-1 - Starting...
2026-05-06T12:43:23.562+05:30  INFO 2464 --- [           main] com.zaxxer.hikari.pool.HikariPool        : HikariPool-1 - Added connection conn0: url=jdbc:h2:mem:testdb user=SA
2026-05-06T12:43:23.568+05:30  INFO 2464 --- [           main] com.zaxxer.hikari.HikariDataSource       : HikariPool-1 - Start completed.
2026-05-06T12:43:23.859+05:30  WARN 2464 --- [           main] org.hibernate.orm.deprecation            : HHH90000025: H2Dialect does not need to be specified explicitly using 'hibernate.dialect' (remove the property setting and it will be selected by default)
2026-05-06T12:43:30.399+05:30  INFO 2464 --- [           main] o.h.e.t.j.p.i.JtaPlatformInitiator       : HHH000489: No JTA platform available (set 'hibernate.transaction.jta.platform' to enable JTA platform integration)
2026-05-06T12:43:30.681+05:30  INFO 2464 --- [           main] j.LocalContainerEntityManagerFactoryBean : Initialized JPA EntityManagerFactory for persistence unit 'default'
2026-05-06T12:43:33.705+05:30  INFO 2464 --- [           main] o.s.d.j.r.query.QueryEnhancerFactory     : Hibernate is in classpath; If applicable, HQL parser will be used.
2026-05-06T12:43:38.494+05:30  WARN 2464 --- [           main] .s.s.UserDetailsServiceAutoConfiguration : 

Using generated security password: f128cf87-706b-49a5-b27d-44e004c2175d

This generated password is for development use only. Your security configuration must be updated before running your application in production.

2026-05-06T12:43:42.395+05:30  INFO 2464 --- [           main] o.s.b.a.e.web.EndpointLinksResolver      : Exposing 1 endpoint(s) beneath base path '/actuator'
2026-05-06T12:43:43.374+05:30  INFO 2464 --- [           main] o.s.s.web.DefaultSecurityFilterChain     : Will secure any request with [org.springframework.security.web.session.DisableEncodeUrlFilter@2c0c5687, org.springframework.security.web.context.request.async.WebAsyncManagerIntegrationFilter@a59c2d6, org.springframework.security.web.context.SecurityContextHolderFilter@68290a81, org.springframework.security.web.header.HeaderWriterFilter@1dc4b120, org.springframework.web.filter.CorsFilter@55936a3, org.springframework.security.web.authentication.logout.LogoutFilter@c1a68b7, org.springframework.security.web.savedrequest.RequestCacheAwareFilter@2d5cb74c, org.springframework.security.web.servletapi.SecurityContextHolderAwareRequestFilter@57d33377, org.springframework.security.web.authentication.AnonymousAuthenticationFilter@39cca34c, org.springframework.security.web.access.ExceptionTranslationFilter@33f0661f, org.springframework.security.web.access.intercept.AuthorizationFilter@6b118680]
2026-05-06T12:43:45.354+05:30  INFO 2464 --- [           main] DiscoveryClientOptionalArgsConfiguration : Eureka HTTP Client uses RestTemplate.
2026-05-06T12:43:45.444+05:30  WARN 2464 --- [           main] iguration$LoadBalancerCaffeineWarnLogger : Spring Cloud LoadBalancer is currently working with the default cache. While this cache implementation is useful for development and tests, it's recommended to use Caffeine cache in production.You can switch to using Caffeine cache, by adding it and org.springframework.cache.caffeine.CaffeineCacheManager to the classpath.
2026-05-06T12:43:45.579+05:30  INFO 2464 --- [           main] c.C.m.MessageServiceApplicationTests     : Started MessageServiceApplicationTests in 48.445 seconds (process running for 55.584)
]]></system-out>
  </testcase>
</testsuite>