# JRE version: OpenJDK Runtime Environment Temurin-21.0.10+7 (21.0.10+7) (build 21.0.10+7-LTS)
# Java VM: OpenJDK 64-Bit Server VM Temurin-21.0.10+7 (21.0.10+7-LTS, mixed mode, sharing, tiered, compressed oops, compressed class ptrs, parallel gc, windows-amd64)
GC Precious Log:
 CardTable entry size: 512
 CPUs: 8 total, 8 available
 Memory: 7975M
 Large Page Support: Disabled
 NUMA Support: Disabled
 Compressed Oops: Enabled (32-bit)
 Alignments: Space 512K, Generation 512K, Heap 2M
 Heap Min Capacity: 100M
 Heap Initial Capacity: 100M
 Heap Max Capacity: 2G
 Pre-touch: Disabled
 Parallel Workers: 8
Heap:
 PSYoungGen      total 7168K, used 6729K [0x00000000d5580000, 0x00000000d6480000, 0x0000000100000000)
  eden space 6144K, 98% used [0x00000000d5580000,0x00000000d5b66688,0x00000000d5b80000)
  from space 1024K, 67% used [0x00000000d5b80000,0x00000000d5c2c010,0x00000000d5c80000)
  to   space 3584K, 0% used [0x00000000d6100000,0x00000000d6100000,0x00000000d6480000)
 ParOldGen       total 832512K, used 832107K [0x0000000080000000, 0x00000000b2d00000, 0x00000000d5580000)
  object space 832512K, 99% used [0x0000000080000000,0x00000000b2c9af00,0x00000000b2d00000)
 Metaspace       used 88639K, committed 90432K, reserved 1179648K
  class space    used 8813K, committed 9664K, reserved 1048576K
GC Heap History (20 events):
Event: 16042.236 GC heap before
{Heap before GC invocations=3100 (full 6):
 PSYoungGen      total 11264K, used 10464K [0x00000000d5580000, 0x00000000d6180000, 0x0000000100000000)
  eden space 10240K, 99% used [0x00000000d5580000,0x00000000d5f68040,0x00000000d5f80000)
  from space 1024K, 31% used [0x00000000d6000000,0x00000000d6050000,0x00000000d6100000)
  to   space 512K, 0% used [0x00000000d6100000,0x00000000d6100000,0x00000000d6180000)
 ParOldGen       total 816128K, used 816043K [0x0000000080000000, 0x00000000b1d00000, 0x00000000d5580000)
  object space 816128K, 99% used [0x0000000080000000,0x00000000b1ceafe0,0x00000000b1d00000)
 Metaspace       used 88448K, committed 90240K, reserved 1179648K
  class space    used 8796K, committed 9664K, reserved 1048576K
}
Event: 16042.239 GC heap after
{Heap after GC invocations=3100 (full 6):
 PSYoungGen      total 10752K, used 192K [0x00000000d5580000, 0x00000000d6180000, 0x0000000100000000)
  eden space 10240K, 0% used [0x00000000d5580000,0x00000000d5580000,0x00000000d5f80000)
  from space 512K, 37% used [0x00000000d6100000,0x00000000d6130000,0x00000000d6180000)
  to   space 512K, 0% used [0x00000000d6080000,0x00000000d6080000,0x00000000d6100000)
 ParOldGen       total 816640K, used 816259K [0x0000000080000000, 0x00000000b1d80000, 0x00000000d5580000)
  object space 816640K, 99% used [0x0000000080000000,0x00000000b1d20fe0,0x00000000b1d80000)
 Metaspace       used 88448K, committed 90240K, reserved 1179648K
  class space    used 8796K, committed 9664K, reserved 1048576K
}
Event: 16042.375 GC heap before
{Heap before GC invocations=3101 (full 6):
 PSYoungGen      total 10752K, used 10432K [0x00000000d5580000, 0x00000000d6180000, 0x0000000100000000)
  eden space 10240K, 100% used [0x00000000d5580000,0x00000000d5f80000,0x00000000d5f80000)
  from space 512K, 37% used [0x00000000d6100000,0x00000000d6130000,0x00000000d6180000)
  to   space 512K, 0% used [0x00000000d6080000,0x00000000d6080000,0x00000000d6100000)
 ParOldGen       total 816640K, used 816259K [0x0000000080000000, 0x00000000b1d80000, 0x00000000d5580000)
  object space 816640K, 99% used [0x0000000080000000,0x00000000b1d20fe0,0x00000000b1d80000)
 Metaspace       used 88466K, committed 90304K, reserved 1179648K
  class space    used 8796K, committed 9664K, reserved 1048576K
}
Event: 16042.378 GC heap after
{Heap after GC invocations=3101 (full 6):
 PSYoungGen      total 10752K, used 496K [0x00000000d5580000, 0x00000000d6180000, 0x0000000100000000)
  eden space 10240K, 0% used [0x00000000d5580000,0x00000000d5580000,0x00000000d5f80000)
  from space 512K, 96% used [0x00000000d6080000,0x00000000d60fc030,0x00000000d6100000)
  to   space 512K, 0% used [0x00000000d6100000,0x00000000d6100000,0x00000000d6180000)
 ParOldGen       total 816640K, used 816395K [0x0000000080000000, 0x00000000b1d80000, 0x00000000d5580000)
  object space 816640K, 99% used [0x0000000080000000,0x00000000b1d42fe0,0x00000000b1d80000)
 Metaspace       used 88466K, committed 90304K, reserved 1179648K
  class space    used 8796K, committed 9664K, reserved 1048576K
}
Event: 16042.428 GC heap before
{Heap before GC invocations=3102 (full 6):
 PSYoungGen      total 10752K, used 10736K [0x00000000d5580000, 0x00000000d6180000, 0x0000000100000000)
  eden space 10240K, 100% used [0x00000000d5580000,0x00000000d5f80000,0x00000000d5f80000)
  from space 512K, 96% used [0x00000000d6080000,0x00000000d60fc030,0x00000000d6100000)
  to   space 512K, 0% used [0x00000000d6100000,0x00000000d6100000,0x00000000d6180000)
 ParOldGen       total 816640K, used 816395K [0x0000000080000000, 0x00000000b1d80000, 0x00000000d5580000)
  object space 816640K, 99% used [0x0000000080000000,0x00000000b1d42fe0,0x00000000b1d80000)
 Metaspace       used 88466K, committed 90304K, reserved 1179648K
  class space    used 8796K, committed 9664K, reserved 1048576K
}
Event: 16042.432 GC heap after
{Heap after GC invocations=3102 (full 6):
 PSYoungGen      total 9216K, used 481K [0x00000000d5580000, 0x00000000d6580000, 0x0000000100000000)
  eden space 8704K, 0% used [0x00000000d5580000,0x00000000d5580000,0x00000000d5e00000)
  from space 512K, 93% used [0x00000000d6100000,0x00000000d6178490,0x00000000d6180000)
  to   space 3072K, 0% used [0x00000000d5e00000,0x00000000d5e00000,0x00000000d6100000)
 ParOldGen       total 818688K, used 818504K [0x0000000080000000, 0x00000000b1f80000, 0x00000000d5580000)
  object space 818688K, 99% used [0x0000000080000000,0x00000000b1f52250,0x00000000b1f80000)
 Metaspace       used 88466K, committed 90304K, reserved 1179648K
  class space    used 8796K, committed 9664K, reserved 1048576K
}
Event: 16042.568 GC heap before
{Heap before GC invocations=3103 (full 6):
 PSYoungGen      total 9216K, used 9185K [0x00000000d5580000, 0x00000000d6580000, 0x0000000100000000)
  eden space 8704K, 100% used [0x00000000d5580000,0x00000000d5e00000,0x00000000d5e00000)
  from space 512K, 93% used [0x00000000d6100000,0x00000000d6178490,0x00000000d6180000)
  to   space 3072K, 0% used [0x00000000d5e00000,0x00000000d5e00000,0x00000000d6100000)
 ParOldGen       total 818688K, used 818504K [0x0000000080000000, 0x00000000b1f80000, 0x00000000d5580000)
  object space 818688K, 99% used [0x0000000080000000,0x00000000b1f52250,0x00000000b1f80000)
 Metaspace       used 88466K, committed 90304K, reserved 1179648K
  class space    used 8796K, committed 9664K, reserved 1048576K
}
Event: 16042.571 GC heap after
{Heap after GC invocations=3103 (full 6):
 PSYoungGen      total 9216K, used 224K [0x00000000d5580000, 0x00000000d6180000, 0x0000000100000000)
  eden space 8704K, 0% used [0x00000000d5580000,0x00000000d5580000,0x00000000d5e00000)
  from space 512K, 43% used [0x00000000d5e00000,0x00000000d5e38000,0x00000000d5e80000)
  to   space 1536K, 0% used [0x00000000d6000000,0x00000000d6000000,0x00000000d6180000)
 ParOldGen       total 818688K, used 818552K [0x0000000080000000, 0x00000000b1f80000, 0x00000000d5580000)
  object space 818688K, 99% used [0x0000000080000000,0x00000000b1f5e250,0x00000000b1f80000)
 Metaspace       used 88466K, committed 90304K, reserved 1179648K
  class space    used 8796K, committed 9664K, reserved 1048576K
}
Event: 16043.499 GC heap before
{Heap before GC invocations=3104 (full 6):
 PSYoungGen      total 9216K, used 8911K [0x00000000d5580000, 0x00000000d6180000, 0x0000000100000000)
  eden space 8704K, 99% used [0x00000000d5580000,0x00000000d5dfbc50,0x00000000d5e00000)
  from space 512K, 43% used [0x00000000d5e00000,0x00000000d5e38000,0x00000000d5e80000)
  to   space 1536K, 0% used [0x00000000d6000000,0x00000000d6000000,0x00000000d6180000)
 ParOldGen       total 818688K, used 818552K [0x0000000080000000, 0x00000000b1f80000, 0x00000000d5580000)
  object space 818688K, 99% used [0x0000000080000000,0x00000000b1f5e250,0x00000000b1f80000)
 Metaspace       used 88467K, committed 90304K, reserved 1179648K
  class space    used 8796K, committed 9664K, reserved 1048576K
}
Event: 16043.504 GC heap after
{Heap after GC invocations=3104 (full 6):
 PSYoungGen      total 10240K, used 1254K [0x00000000d5580000, 0x00000000d6180000, 0x0000000100000000)
  eden space 8704K, 0% used [0x00000000d5580000,0x00000000d5580000,0x00000000d5e00000)
  from space 1536K, 81% used [0x00000000d6000000,0x00000000d6139ae0,0x00000000d6180000)
  to   space 1536K, 0% used [0x00000000d5e80000,0x00000000d5e80000,0x00000000d6000000)
 ParOldGen       total 818688K, used 818608K [0x0000000080000000, 0x00000000b1f80000, 0x00000000d5580000)
  object space 818688K, 99% used [0x0000000080000000,0x00000000b1f6c250,0x00000000b1f80000)
 Metaspace       used 88467K, committed 90304K, reserved 1179648K
  class space    used 8796K, committed 9664K, reserved 1048576K
}
Event: 16043.682 GC heap before
{Heap before GC invocations=3105 (full 6):
 PSYoungGen      total 10240K, used 9958K [0x00000000d5580000, 0x00000000d6180000, 0x0000000100000000)
  eden space 8704K, 99% used [0x00000000d5580000,0x00000000d5dffff0,0x00000000d5e00000)
  from space 1536K, 81% used [0x00000000d6000000,0x00000000d6139ae0,0x00000000d6180000)
  to   space 1536K, 0% used [0x00000000d5e80000,0x00000000d5e80000,0x00000000d6000000)
 ParOldGen       total 818688K, used 818608K [0x0000000080000000, 0x00000000b1f80000, 0x00000000d5580000)
  object space 818688K, 99% used [0x0000000080000000,0x00000000b1f6c250,0x00000000b1f80000)
 Metaspace       used 88467K, committed 90304K, reserved 1179648K
  class space    used 8796K, committed 9664K, reserved 1048576K
}
Event: 16043.692 GC heap after
{Heap after GC invocations=3105 (full 6):
 PSYoungGen      total 10240K, used 1534K [0x00000000d5580000, 0x00000000d6d00000, 0x0000000100000000)
  eden space 8704K, 0% used [0x00000000d5580000,0x00000000d5580000,0x00000000d5e00000)
  from space 1536K, 99% used [0x00000000d5e80000,0x00000000d5fff990,0x00000000d6000000)
  to   space 7680K, 0% used [0x00000000d6580000,0x00000000d6580000,0x00000000d6d00000)
 ParOldGen       total 823808K, used 823692K [0x0000000080000000, 0x00000000b2480000, 0x00000000d5580000)
  object space 823808K, 99% used [0x0000000080000000,0x00000000b2463370,0x00000000b2480000)
 Metaspace       used 88467K, committed 90304K, reserved 1179648K
  class space    used 8796K, committed 9664K, reserved 1048576K
}
Event: 16043.809 GC heap before
{Heap before GC invocations=3106 (full 6):
 PSYoungGen      total 10240K, used 10238K [0x00000000d5580000, 0x00000000d6d00000, 0x0000000100000000)
  eden space 8704K, 100% used [0x00000000d5580000,0x00000000d5e00000,0x00000000d5e00000)
  from space 1536K, 99% used [0x00000000d5e80000,0x00000000d5fff990,0x00000000d6000000)
  to   space 7680K, 0% used [0x00000000d6580000,0x00000000d6580000,0x00000000d6d00000)
 ParOldGen       total 823808K, used 823692K [0x0000000080000000, 0x00000000b2480000, 0x00000000d5580000)
  object space 823808K, 99% used [0x0000000080000000,0x00000000b2463370,0x00000000b2480000)
 Metaspace       used 88467K, committed 90304K, reserved 1179648K
  class space    used 8796K, committed 9664K, reserved 1048576K
}
Event: 16043.816 GC heap after
{Heap after GC invocations=3106 (full 6):
 PSYoungGen      total 10240K, used 1184K [0x00000000d5580000, 0x00000000d6700000, 0x0000000100000000)
  eden space 8704K, 0% used [0x00000000d5580000,0x00000000d5580000,0x00000000d5e00000)
  from space 1536K, 77% used [0x00000000d6580000,0x00000000d66a8000,0x00000000d6700000)
  to   space 3584K, 0% used [0x00000000d6000000,0x00000000d6000000,0x00000000d6380000)
 ParOldGen       total 825344K, used 825214K [0x0000000080000000, 0x00000000b2600000, 0x00000000d5580000)
  object space 825344K, 99% used [0x0000000080000000,0x00000000b25df850,0x00000000b2600000)
 Metaspace       used 88467K, committed 90304K, reserved 1179648K
  class space    used 8796K, committed 9664K, reserved 1048576K
}
Event: 16044.041 GC heap before
{Heap before GC invocations=3107 (full 6):
 PSYoungGen      total 10240K, used 9887K [0x00000000d5580000, 0x00000000d6700000, 0x0000000100000000)
  eden space 8704K, 99% used [0x00000000d5580000,0x00000000d5dfffe0,0x00000000d5e00000)
  from space 1536K, 77% used [0x00000000d6580000,0x00000000d66a8000,0x00000000d6700000)
  to   space 3584K, 0% used [0x00000000d6000000,0x00000000d6000000,0x00000000d6380000)
 ParOldGen       total 825344K, used 825214K [0x0000000080000000, 0x00000000b2600000, 0x00000000d5580000)
  object space 825344K, 99% used [0x0000000080000000,0x00000000b25df850,0x00000000b2600000)
 Metaspace       used 88471K, committed 90304K, reserved 1179648K
  class space    used 8796K, committed 9664K, reserved 1048576K
}
Event: 16044.046 GC heap after
{Heap after GC invocations=3107 (full 6):
 PSYoungGen      total 12288K, used 1600K [0x00000000d5580000, 0x00000000d6600000, 0x0000000100000000)
  eden space 8704K, 0% used [0x00000000d5580000,0x00000000d5580000,0x00000000d5e00000)
  from space 3584K, 44% used [0x00000000d6000000,0x00000000d6190020,0x00000000d6380000)
  to   space 2048K, 0% used [0x00000000d6400000,0x00000000d6400000,0x00000000d6600000)
 ParOldGen       total 826368K, used 826230K [0x0000000080000000, 0x00000000b2700000, 0x00000000d5580000)
  object space 826368K, 99% used [0x0000000080000000,0x00000000b26dd850,0x00000000b2700000)
 Metaspace       used 88471K, committed 90304K, reserved 1179648K
  class space    used 8796K, committed 9664K, reserved 1048576K
}
Event: 16044.123 GC heap before
{Heap before GC invocations=3108 (full 6):
 PSYoungGen      total 12288K, used 10304K [0x00000000d5580000, 0x00000000d6600000, 0x0000000100000000)
  eden space 8704K, 100% used [0x00000000d5580000,0x00000000d5e00000,0x00000000d5e00000)
  from space 3584K, 44% used [0x00000000d6000000,0x00000000d6190020,0x00000000d6380000)
  to   space 2048K, 0% used [0x00000000d6400000,0x00000000d6400000,0x00000000d6600000)
 ParOldGen       total 826368K, used 826230K [0x0000000080000000, 0x00000000b2700000, 0x00000000d5580000)
  object space 826368K, 99% used [0x0000000080000000,0x00000000b26dd850,0x00000000b2700000)
 Metaspace       used 88472K, committed 90304K, reserved 1179648K
  class space    used 8796K, committed 9664K, reserved 1048576K
}
Event: 16044.130 GC heap after
{Heap after GC invocations=3108 (full 6):
 PSYoungGen      total 8192K, used 2024K [0x00000000d5580000, 0x00000000d6f00000, 0x0000000100000000)
  eden space 6144K, 0% used [0x00000000d5580000,0x00000000d5580000,0x00000000d5b80000)
  from space 2048K, 98% used [0x00000000d6400000,0x00000000d65fa078,0x00000000d6600000)
  to   space 8704K, 0% used [0x00000000d5b80000,0x00000000d5b80000,0x00000000d6400000)
 ParOldGen       total 832000K, used 831798K [0x0000000080000000, 0x00000000b2c80000, 0x00000000d5580000)
  object space 832000K, 99% used [0x0000000080000000,0x00000000b2c4d918,0x00000000b2c80000)
 Metaspace       used 88472K, committed 90304K, reserved 1179648K
  class space    used 8796K, committed 9664K, reserved 1048576K
}
Event: 16044.259 GC heap before
{Heap before GC invocations=3109 (full 6):
 PSYoungGen      total 8192K, used 8168K [0x00000000d5580000, 0x00000000d6f00000, 0x0000000100000000)
  eden space 6144K, 100% used [0x00000000d5580000,0x00000000d5b80000,0x00000000d5b80000)
  from space 2048K, 98% used [0x00000000d6400000,0x00000000d65fa078,0x00000000d6600000)
  to   space 8704K, 0% used [0x00000000d5b80000,0x00000000d5b80000,0x00000000d6400000)
 ParOldGen       total 832000K, used 831798K [0x0000000080000000, 0x00000000b2c80000, 0x00000000d5580000)
  object space 832000K, 99% used [0x0000000080000000,0x00000000b2c4d918,0x00000000b2c80000)
 Metaspace       used 88632K, committed 90432K, reserved 1179648K
  class space    used 8813K, committed 9664K, reserved 1048576K
}
Event: 16044.263 GC heap after
{Heap after GC invocations=3109 (full 6):
 PSYoungGen      total 7168K, used 688K [0x00000000d5580000, 0x00000000d6480000, 0x0000000100000000)
  eden space 6144K, 0% used [0x00000000d5580000,0x00000000d5580000,0x00000000d5b80000)
  from space 1024K, 67% used [0x00000000d5b80000,0x00000000d5c2c010,0x00000000d5c80000)
  to   space 3584K, 0% used [0x00000000d6100000,0x00000000d6100000,0x00000000d6480000)
 ParOldGen       total 832512K, used 832107K [0x0000000080000000, 0x00000000b2d00000, 0x00000000d5580000)
  object space 832512K, 99% used [0x0000000080000000,0x00000000b2c9af00,0x00000000b2d00000)
 Metaspace       used 88632K, committed 90432K, reserved 1179648K
  class space    used 8813K, committed 9664K, reserved 1048576K
}

