# JRE version: OpenJDK Runtime Environment Temurin-21.0.10+7 (21.0.10+7) (build 21.0.10+7-LTS)
# Java VM: OpenJDK 64-Bit Server VM Temurin-21.0.10+7 (21.0.10+7-LTS, mixed mode, sharing, tiered, compressed oops, compressed class ptrs, parallel gc, windows-amd64)
GC Precious Log:
 CardTable entry size: 512
 CPUs: 8 total, 8 available
 Memory: 7975M
 Large Page Support: Disabled
 NUMA Support: Disabled
 Compressed Oops: Enabled (32-bit)
 Alignments: Space 512K, Generation 512K, Heap 2M
 Heap Min Capacity: 100M
 Heap Initial Capacity: 100M
 Heap Max Capacity: 2G
 Pre-touch: Disabled
 Parallel Workers: 8
Heap:
 PSYoungGen      total 5120K, used 2805K [0x00000000d5580000, 0x00000000d5c80000, 0x0000000100000000)
  eden space 4096K, 61% used [0x00000000d5580000,0x00000000d57f5530,0x00000000d5980000)
  from space 1024K, 28% used [0x00000000d5a80000,0x00000000d5ac8000,0x00000000d5b80000)
  to   space 512K, 0% used [0x00000000d5c00000,0x00000000d5c00000,0x00000000d5c80000)
 ParOldGen       total 898048K, used 898022K [0x0000000080000000, 0x00000000b6d00000, 0x00000000d5580000)
  object space 898048K, 99% used [0x0000000080000000,0x00000000b6cf9958,0x00000000b6d00000)
 Metaspace       used 81159K, committed 83072K, reserved 1179648K
  class space    used 8116K, committed 8960K, reserved 1048576K
GC Heap History (20 events):
Event: 171.836 GC heap before
{Heap before GC invocations=2414 (full 4):
 PSYoungGen      total 4096K, used 4064K [0x00000000d5580000, 0x00000000d5c80000, 0x0000000100000000)
  eden space 2560K, 100% used [0x00000000d5580000,0x00000000d5800000,0x00000000d5800000)
  from space 1536K, 97% used [0x00000000d5980000,0x00000000d5af8000,0x00000000d5b00000)
  to   space 1536K, 0% used [0x00000000d5b00000,0x00000000d5b00000,0x00000000d5c80000)
 ParOldGen       total 884736K, used 884675K [0x0000000080000000, 0x00000000b6000000, 0x00000000d5580000)
  object space 884736K, 99% used [0x0000000080000000,0x00000000b5ff0c20,0x00000000b6000000)
 Metaspace       used 79838K, committed 81664K, reserved 1179648K
  class space    used 7984K, committed 8832K, reserved 1048576K
}
Event: 171.843 GC heap after
{Heap after GC invocations=2414 (full 4):
 PSYoungGen      total 3072K, used 1536K [0x00000000d5580000, 0x00000000d6080000, 0x0000000100000000)
  eden space 1536K, 0% used [0x00000000d5580000,0x00000000d5580000,0x00000000d5700000)
  from space 1536K, 100% used [0x00000000d5b00000,0x00000000d5c80000,0x00000000d5c80000)
  to   space 4096K, 0% used [0x00000000d5700000,0x00000000d5700000,0x00000000d5b00000)
 ParOldGen       total 886784K, used 886466K [0x0000000080000000, 0x00000000b6200000, 0x00000000d5580000)
  object space 886784K, 99% used [0x0000000080000000,0x00000000b61b08a8,0x00000000b6200000)
 Metaspace       used 79838K, committed 81664K, reserved 1179648K
  class space    used 7984K, committed 8832K, reserved 1048576K
}
Event: 171.848 GC heap before
{Heap before GC invocations=2415 (full 4):
 PSYoungGen      total 3072K, used 3071K [0x00000000d5580000, 0x00000000d6080000, 0x0000000100000000)
  eden space 1536K, 99% used [0x00000000d5580000,0x00000000d56ffff8,0x00000000d5700000)
  from space 1536K, 100% used [0x00000000d5b00000,0x00000000d5c80000,0x00000000d5c80000)
  to   space 4096K, 0% used [0x00000000d5700000,0x00000000d5700000,0x00000000d5b00000)
 ParOldGen       total 886784K, used 886466K [0x0000000080000000, 0x00000000b6200000, 0x00000000d5580000)
  object space 886784K, 99% used [0x0000000080000000,0x00000000b61b08a8,0x00000000b6200000)
 Metaspace       used 79838K, committed 81664K, reserved 1179648K
  class space    used 7984K, committed 8832K, reserved 1048576K
}
Event: 171.853 GC heap after
{Heap after GC invocations=2415 (full 4):
 PSYoungGen      total 3072K, used 1248K [0x00000000d5580000, 0x00000000d5b80000, 0x0000000100000000)
  eden space 1536K, 0% used [0x00000000d5580000,0x00000000d5580000,0x00000000d5700000)
  from space 1536K, 81% used [0x00000000d5700000,0x00000000d5838000,0x00000000d5880000)
  to   space 2048K, 0% used [0x00000000d5980000,0x00000000d5980000,0x00000000d5b80000)
 ParOldGen       total 888320K, used 888033K [0x0000000080000000, 0x00000000b6380000, 0x00000000d5580000)
  object space 888320K, 99% used [0x0000000080000000,0x00000000b6338530,0x00000000b6380000)
 Metaspace       used 79838K, committed 81664K, reserved 1179648K
  class space    used 7984K, committed 8832K, reserved 1048576K
}
Event: 171.857 GC heap before
{Heap before GC invocations=2416 (full 4):
 PSYoungGen      total 3072K, used 2784K [0x00000000d5580000, 0x00000000d5b80000, 0x0000000100000000)
  eden space 1536K, 100% used [0x00000000d5580000,0x00000000d5700000,0x00000000d5700000)
  from space 1536K, 81% used [0x00000000d5700000,0x00000000d5838000,0x00000000d5880000)
  to   space 2048K, 0% used [0x00000000d5980000,0x00000000d5980000,0x00000000d5b80000)
 ParOldGen       total 888320K, used 888033K [0x0000000080000000, 0x00000000b6380000, 0x00000000d5580000)
  object space 888320K, 99% used [0x0000000080000000,0x00000000b6338530,0x00000000b6380000)
 Metaspace       used 79839K, committed 81664K, reserved 1179648K
  class space    used 7985K, committed 8832K, reserved 1048576K
}
Event: 171.861 GC heap after
{Heap after GC invocations=2416 (full 4):
 PSYoungGen      total 3584K, used 1248K [0x00000000d5580000, 0x00000000d5b00000, 0x0000000100000000)
  eden space 2048K, 0% used [0x00000000d5580000,0x00000000d5580000,0x00000000d5780000)
  from space 1536K, 81% used [0x00000000d5980000,0x00000000d5ab8000,0x00000000d5b00000)
  to   space 1536K, 0% used [0x00000000d5800000,0x00000000d5800000,0x00000000d5980000)
 ParOldGen       total 889344K, used 889241K [0x0000000080000000, 0x00000000b6480000, 0x00000000d5580000)
  object space 889344K, 99% used [0x0000000080000000,0x00000000b6466530,0x00000000b6480000)
 Metaspace       used 79839K, committed 81664K, reserved 1179648K
  class space    used 7985K, committed 8832K, reserved 1048576K
}
Event: 171.867 GC heap before
{Heap before GC invocations=2417 (full 4):
 PSYoungGen      total 3584K, used 3296K [0x00000000d5580000, 0x00000000d5b00000, 0x0000000100000000)
  eden space 2048K, 100% used [0x00000000d5580000,0x00000000d5780000,0x00000000d5780000)
  from space 1536K, 81% used [0x00000000d5980000,0x00000000d5ab8000,0x00000000d5b00000)
  to   space 1536K, 0% used [0x00000000d5800000,0x00000000d5800000,0x00000000d5980000)
 ParOldGen       total 889344K, used 889241K [0x0000000080000000, 0x00000000b6480000, 0x00000000d5580000)
  object space 889344K, 99% used [0x0000000080000000,0x00000000b6466530,0x00000000b6480000)
 Metaspace       used 79850K, committed 81664K, reserved 1179648K
  class space    used 7985K, committed 8832K, reserved 1048576K
}
Event: 171.871 GC heap after
{Heap after GC invocations=2417 (full 4):
 PSYoungGen      total 4096K, used 1536K [0x00000000d5580000, 0x00000000d5e00000, 0x0000000100000000)
  eden space 2560K, 0% used [0x00000000d5580000,0x00000000d5580000,0x00000000d5800000)
  from space 1536K, 100% used [0x00000000d5800000,0x00000000d5980000,0x00000000d5980000)
  to   space 3072K, 0% used [0x00000000d5b00000,0x00000000d5b00000,0x00000000d5e00000)
 ParOldGen       total 890880K, used 890401K [0x0000000080000000, 0x00000000b6600000, 0x00000000d5580000)
  object space 890880K, 99% used [0x0000000080000000,0x00000000b6588530,0x00000000b6600000)
 Metaspace       used 79850K, committed 81664K, reserved 1179648K
  class space    used 7985K, committed 8832K, reserved 1048576K
}
Event: 171.878 GC heap before
{Heap before GC invocations=2418 (full 4):
 PSYoungGen      total 4096K, used 4096K [0x00000000d5580000, 0x00000000d5e00000, 0x0000000100000000)
  eden space 2560K, 100% used [0x00000000d5580000,0x00000000d5800000,0x00000000d5800000)
  from space 1536K, 100% used [0x00000000d5800000,0x00000000d5980000,0x00000000d5980000)
  to   space 3072K, 0% used [0x00000000d5b00000,0x00000000d5b00000,0x00000000d5e00000)
 ParOldGen       total 890880K, used 890401K [0x0000000080000000, 0x00000000b6600000, 0x00000000d5580000)
  object space 890880K, 99% used [0x0000000080000000,0x00000000b6588530,0x00000000b6600000)
 Metaspace       used 79861K, committed 81664K, reserved 1179648K
  class space    used 7988K, committed 8832K, reserved 1048576K
}
Event: 171.883 GC heap after
{Heap after GC invocations=2418 (full 4):
 PSYoungGen      total 5632K, used 1920K [0x00000000d5580000, 0x00000000d5d80000, 0x0000000100000000)
  eden space 3072K, 0% used [0x00000000d5580000,0x00000000d5580000,0x00000000d5880000)
  from space 2560K, 75% used [0x00000000d5b00000,0x00000000d5ce0000,0x00000000d5d80000)
  to   space 2560K, 0% used [0x00000000d5880000,0x00000000d5880000,0x00000000d5b00000)
 ParOldGen       total 891904K, used 891857K [0x0000000080000000, 0x00000000b6700000, 0x00000000d5580000)
  object space 891904K, 99% used [0x0000000080000000,0x00000000b66f4530,0x00000000b6700000)
 Metaspace       used 79861K, committed 81664K, reserved 1179648K
  class space    used 7988K, committed 8832K, reserved 1048576K
}
Event: 171.900 GC heap before
{Heap before GC invocations=2419 (full 4):
 PSYoungGen      total 5632K, used 4992K [0x00000000d5580000, 0x00000000d5d80000, 0x0000000100000000)
  eden space 3072K, 100% used [0x00000000d5580000,0x00000000d5880000,0x00000000d5880000)
  from space 2560K, 75% used [0x00000000d5b00000,0x00000000d5ce0000,0x00000000d5d80000)
  to   space 2560K, 0% used [0x00000000d5880000,0x00000000d5880000,0x00000000d5b00000)
 ParOldGen       total 891904K, used 891857K [0x0000000080000000, 0x00000000b6700000, 0x00000000d5580000)
  object space 891904K, 99% used [0x0000000080000000,0x00000000b66f4530,0x00000000b6700000)
 Metaspace       used 79925K, committed 81728K, reserved 1179648K
  class space    used 7992K, committed 8832K, reserved 1048576K
}
Event: 171.904 GC heap after
{Heap after GC invocations=2419 (full 4):
 PSYoungGen      total 5632K, used 2275K [0x00000000d5580000, 0x00000000d5e80000, 0x0000000100000000)
  eden space 3072K, 0% used [0x00000000d5580000,0x00000000d5580000,0x00000000d5880000)
  from space 2560K, 88% used [0x00000000d5880000,0x00000000d5ab8c80,0x00000000d5b00000)
  to   space 2560K, 0% used [0x00000000d5c00000,0x00000000d5c00000,0x00000000d5e80000)
 ParOldGen       total 893952K, used 893713K [0x0000000080000000, 0x00000000b6900000, 0x00000000d5580000)
  object space 893952K, 99% used [0x0000000080000000,0x00000000b68c4530,0x00000000b6900000)
 Metaspace       used 79925K, committed 81728K, reserved 1179648K
  class space    used 7992K, committed 8832K, reserved 1048576K
}
Event: 171.954 GC heap before
{Heap before GC invocations=2420 (full 4):
 PSYoungGen      total 5632K, used 5347K [0x00000000d5580000, 0x00000000d5e80000, 0x0000000100000000)
  eden space 3072K, 100% used [0x00000000d5580000,0x00000000d5880000,0x00000000d5880000)
  from space 2560K, 88% used [0x00000000d5880000,0x00000000d5ab8c80,0x00000000d5b00000)
  to   space 2560K, 0% used [0x00000000d5c00000,0x00000000d5c00000,0x00000000d5e80000)
 ParOldGen       total 893952K, used 893713K [0x0000000080000000, 0x00000000b6900000, 0x00000000d5580000)
  object space 893952K, 99% used [0x0000000080000000,0x00000000b68c4530,0x00000000b6900000)
 Metaspace       used 79925K, committed 81728K, reserved 1179648K
  class space    used 7992K, committed 8832K, reserved 1048576K
}
Event: 171.958 GC heap after
{Heap after GC invocations=2420 (full 4):
 PSYoungGen      total 6656K, used 2224K [0x00000000d5580000, 0x00000000d5e80000, 0x0000000100000000)
  eden space 4096K, 0% used [0x00000000d5580000,0x00000000d5580000,0x00000000d5980000)
  from space 2560K, 86% used [0x00000000d5c00000,0x00000000d5e2c010,0x00000000d5e80000)
  to   space 2560K, 0% used [0x00000000d5980000,0x00000000d5980000,0x00000000d5c00000)
 ParOldGen       total 896000K, used 895785K [0x0000000080000000, 0x00000000b6b00000, 0x00000000d5580000)
  object space 896000K, 99% used [0x0000000080000000,0x00000000b6aca530,0x00000000b6b00000)
 Metaspace       used 79925K, committed 81728K, reserved 1179648K
  class space    used 7992K, committed 8832K, reserved 1048576K
}
Event: 172.048 GC heap before
{Heap before GC invocations=2421 (full 4):
 PSYoungGen      total 6656K, used 6316K [0x00000000d5580000, 0x00000000d5e80000, 0x0000000100000000)
  eden space 4096K, 99% used [0x00000000d5580000,0x00000000d597f2a8,0x00000000d5980000)
  from space 2560K, 86% used [0x00000000d5c00000,0x00000000d5e2c010,0x00000000d5e80000)
  to   space 2560K, 0% used [0x00000000d5980000,0x00000000d5980000,0x00000000d5c00000)
 ParOldGen       total 896000K, used 895785K [0x0000000080000000, 0x00000000b6b00000, 0x00000000d5580000)
  object space 896000K, 99% used [0x0000000080000000,0x00000000b6aca530,0x00000000b6b00000)
 Metaspace       used 80277K, committed 82176K, reserved 1179648K
  class space    used 8026K, committed 8896K, reserved 1048576K
}
Event: 172.052 GC heap after
{Heap after GC invocations=2421 (full 4):
 PSYoungGen      total 6656K, used 544K [0x00000000d5580000, 0x00000000d5d80000, 0x0000000100000000)
  eden space 4096K, 0% used [0x00000000d5580000,0x00000000d5580000,0x00000000d5980000)
  from space 2560K, 21% used [0x00000000d5980000,0x00000000d5a08000,0x00000000d5c00000)
  to   space 1536K, 0% used [0x00000000d5c00000,0x00000000d5c00000,0x00000000d5d80000)
 ParOldGen       total 897536K, used 897422K [0x0000000080000000, 0x00000000b6c80000, 0x00000000d5580000)
  object space 897536K, 99% used [0x0000000080000000,0x00000000b6c63958,0x00000000b6c80000)
 Metaspace       used 80277K, committed 82176K, reserved 1179648K
  class space    used 8026K, committed 8896K, reserved 1048576K
}
Event: 172.202 GC heap before
{Heap before GC invocations=2422 (full 4):
 PSYoungGen      total 6656K, used 4640K [0x00000000d5580000, 0x00000000d5d80000, 0x0000000100000000)
  eden space 4096K, 100% used [0x00000000d5580000,0x00000000d5980000,0x00000000d5980000)
  from space 2560K, 21% used [0x00000000d5980000,0x00000000d5a08000,0x00000000d5c00000)
  to   space 1536K, 0% used [0x00000000d5c00000,0x00000000d5c00000,0x00000000d5d80000)
 ParOldGen       total 897536K, used 897422K [0x0000000080000000, 0x00000000b6c80000, 0x00000000d5580000)
  object space 897536K, 99% used [0x0000000080000000,0x00000000b6c63958,0x00000000b6c80000)
 Metaspace       used 80717K, committed 82624K, reserved 1179648K
  class space    used 8070K, committed 8960K, reserved 1048576K
}
Event: 172.206 GC heap after
{Heap after GC invocations=2422 (full 4):
 PSYoungGen      total 4608K, used 352K [0x00000000d5580000, 0x00000000d5c80000, 0x0000000100000000)
  eden space 4096K, 0% used [0x00000000d5580000,0x00000000d5580000,0x00000000d5980000)
  from space 512K, 68% used [0x00000000d5c00000,0x00000000d5c58000,0x00000000d5c80000)
  to   space 1024K, 0% used [0x00000000d5a80000,0x00000000d5a80000,0x00000000d5b80000)
 ParOldGen       total 898048K, used 897846K [0x0000000080000000, 0x00000000b6d00000, 0x00000000d5580000)
  object space 898048K, 99% used [0x0000000080000000,0x00000000b6ccd958,0x00000000b6d00000)
 Metaspace       used 80717K, committed 82624K, reserved 1179648K
  class space    used 8070K, committed 8960K, reserved 1048576K
}
Event: 335.713 GC heap before
{Heap before GC invocations=2423 (full 4):
 PSYoungGen      total 4608K, used 4448K [0x00000000d5580000, 0x00000000d5c80000, 0x0000000100000000)
  eden space 4096K, 100% used [0x00000000d5580000,0x00000000d5980000,0x00000000d5980000)
  from space 512K, 68% used [0x00000000d5c00000,0x00000000d5c58000,0x00000000d5c80000)
  to   space 1024K, 0% used [0x00000000d5a80000,0x00000000d5a80000,0x00000000d5b80000)
 ParOldGen       total 898048K, used 897846K [0x0000000080000000, 0x00000000b6d00000, 0x00000000d5580000)
  object space 898048K, 99% used [0x0000000080000000,0x00000000b6ccd958,0x00000000b6d00000)
 Metaspace       used 80984K, committed 82880K, reserved 1179648K
  class space    used 8103K, committed 8960K, reserved 1048576K
}
Event: 335.941 GC heap after
{Heap after GC invocations=2423 (full 4):
 PSYoungGen      total 5120K, used 288K [0x00000000d5580000, 0x00000000d5c80000, 0x0000000100000000)
  eden space 4096K, 0% used [0x00000000d5580000,0x00000000d5580000,0x00000000d5980000)
  from space 1024K, 28% used [0x00000000d5a80000,0x00000000d5ac8000,0x00000000d5b80000)
  to   space 512K, 0% used [0x00000000d5c00000,0x00000000d5c00000,0x00000000d5c80000)
 ParOldGen       total 898048K, used 898022K [0x0000000080000000, 0x00000000b6d00000, 0x00000000d5580000)
  object space 898048K, 99% used [0x0000000080000000,0x00000000b6cf9958,0x00000000b6d00000)
 Metaspace       used 80984K, committed 82880K, reserved 1179648K
  class space    used 8103K, committed 8960K, reserved 1048576K
}

