<?xml version="1.0" encoding="UTF-8"?>
<testsuite xmlns:xsi="http://www.w3.org/2001/XMLSchema-instance" xsi:noNamespaceSchemaLocation="https://maven.apache.org/surefire/maven-surefire-plugin/xsd/surefire-test-report-3.0.xsd" version="3.0" name="com.connecthub.auth_service.service.AuthServiceImplTest" time="7.353" tests="18" errors="0" skipped="0" failures="0">
  <properties>
[...]
</properties>
  <testcase name="validateToken_nullToken_returnsFalse" classname="com.connecthub.auth_service.service.AuthServiceImplTest" time="6.167"/>
  <testcase name="updateProfile_valid_savesChanges" classname="com.connecthub.auth_service.service.AuthServiceImplTest" time="0.307"/>
  <testcase name="login_userNotFound_throwsUnauthorized" classname="com.connecthub.auth_service.service.AuthServiceImplTest" time="0.187"/>
  <testcase name="getUserById_notFound_throwsNotFound" classname="com.connecthub.auth_service.service.AuthServiceImplTest" time="0.027"/>
  <testcase name="validateToken_validToken_returnsTrue" classname="com.connecthub.auth_service.service.AuthServiceImplTest" time="0.033"/>
  <testcase name="register_duplicateEmail_throwsConflict" classname="com.connecthub.auth_service.service.AuthServiceImplTest" time="0.045"/>
  <testcase name="changePassword_correct_encodesNewPassword" classname="com.connecthub.auth_service.service.AuthServiceImplTest" time="0.044"/>
  <testcase name="searchUsers_matchingQuery_returnsList" classname="com.connecthub.auth_service.service.AuthServiceImplTest" time="0.156"/>
  <testcase name="getUserById_found_returnsUserResponse" classname="com.connecthub.auth_service.service.AuthServiceImplTest" time="0.013"/>
  <testcase name="register_success" classname="com.connecthub.auth_service.service.AuthServiceImplTest" time="0.027"/>
  <testcase name="login_wrongPassword_throwsUnauthorized" classname="com.connecthub.auth_service.service.AuthServiceImplTest" time="0.017"/>
  <testcase name="login_validCredentials_returnsToken" classname="com.connecthub.auth_service.service.AuthServiceImplTest" time="0.031"/>
  <testcase name="register_duplicateUsername_throwsConflict" classname="com.connecthub.auth_service.service.AuthServiceImplTest" time="0.022"/>
  <testcase name="updateStatus_invisible_recordsLastSeen" classname="com.connecthub.auth_service.service.AuthServiceImplTest" time="0.031"/>
  <testcase name="searchUsers_blankQuery_returnsEmpty" classname="com.connecthub.auth_service.service.AuthServiceImplTest" time="0.009"/>
  <testcase name="changePassword_wrongCurrent_throwsBadRequest" classname="com.connecthub.auth_service.service.AuthServiceImplTest" time="0.021"/>
  <testcase name="updateStatus_away_setsStatus" classname="com.connecthub.auth_service.service.AuthServiceImplTest" time="0.031"/>
  <testcase name="login_inactiveUser_throwsForbidden" classname="com.connecthub.auth_service.service.AuthServiceImplTest" time="0.018"/>
</testsuite>